Activating virtual environment...
Creating virtual environment...
Error creating virtual environment
Activating virtual environment...
Creating scripts directory...
Creating script files...
Filling in script files with commands...
Making script files executable...
Executing script files...
Deactivating virtual environment...
Activating virtual environment...
Creating scripts directory...
Creating script files...
Filling in script files with commands...
Making script files executable...
Executing script files...
Deactivating virtual environment...
Activating virtual environment...
Creating scripts directory...
Creating script files...
Filling in script files with commands...
Making script files executable...
Executing script files...
Deactivating virtual environment...
